<?xml version="1.0" encoding="UTF-8"?>
<testng-results ignored="0" total="177" passed="139" failed="38" skipped="0">
  <reporter-output>
  </reporter-output>
  <suite started-at="2022-06-21T13:25:40 CDT" name="Default suite" finished-at="2022-06-21T13:25:44 CDT" duration-ms="4469">
    <groups>
      <group name="cucumber">
        <method signature="AbstractTestNGCucumberTests.runScenario(io.cucumber.testng.PickleWrapper,io.cucumber.testng.FeatureWrapper)[pri:0, instance:testRunner.AllureR@202b0582]" name="runScenario" class="io.cucumber.testng.AbstractTestNGCucumberTests"/>
      </group> <!-- cucumber -->
    </groups>
    <test started-at="2022-06-21T13:25:40 CDT" name="Default test" finished-at="2022-06-21T13:25:44 CDT" duration-ms="4469">
      <class name="testRunner.AllureR">
        <test-method is-config="true" signature="setUpClass(org.testng.ITestContext)[pri:0, instance:testRunner.AllureR@202b0582]" started-at="2022-06-21T13:25:40 CDT" name="setUpClass" finished-at="2022-06-21T13:25:40 CDT" duration-ms="357" status="PASS">
          <params>
            <param index="0">
              <value>
                <![CDATA[org.testng.TestRunner@22fa55b2]]>
              </value>
            </param>
          </params>
          <reporter-output>
          </reporter-output>
        </test-method> <!-- setUpClass -->
        <test-method signature="runScenario(io.cucumber.testng.PickleWrapper,io.cucumber.testng.FeatureWrapper)[pri:0, instance:testRunner.AllureR@202b0582]" started-at="2022-06-21T13:25:40 CDT" name="runScenario" description="Runs Cucumber Scenarios" data-provider="scenarios" finished-at="2022-06-21T13:25:40 CDT" duration-ms="268" status="FAIL">
          <params>
            <param index="0">
              <value>
                <![CDATA["patient page1"]]>
              </value>
            </param>
            <param index="1">
              <value>
                <![CDATA["Title of your feature"]]>
              </value>
            </param>
          </params>
          <exception class="io.cucumber.java.PendingException">
            <message>
              <![CDATA[TODO: implement me]]>
            </message>
            <full-stacktrace>
              <![CDATA[io.cucumber.java.PendingException: TODO: implement me
at stepDefinition.AddPatient.user_is_on_the_add_new_patient_page(AddPatient.java:11)
at ✽.User is on the Add New Patient Page(file:///Users/ezhilvanan/eclipse-workspace/SDET/Dietician1/src/test/resources/feature/AddnewPatient.feature:7)
]]>
            </full-stacktrace>
          </exception> <!-- io.cucumber.java.PendingException -->
          <reporter-output>
          </reporter-output>
        </test-method> <!-- runScenario -->
        <test-method signature="runScenario(io.cucumber.testng.PickleWrapper,io.cucumber.testng.FeatureWrapper)[pri:0, instance:testRunner.AllureR@202b0582]" started-at="2022-06-21T13:25:40 CDT" name="runScenario" description="Runs Cucumber Scenarios" data-provider="scenarios" finished-at="2022-06-21T13:25:40 CDT" duration-ms="93" status="FAIL">
          <params>
            <param index="0">
              <value>
                <![CDATA["patient page2"]]>
              </value>
            </param>
            <param index="1">
              <value>
                <![CDATA["Title of your feature"]]>
              </value>
            </param>
          </params>
          <exception class="io.cucumber.java.PendingException">
            <message>
              <![CDATA[TODO: implement me]]>
            </message>
            <full-stacktrace>
              <![CDATA[io.cucumber.java.PendingException: TODO: implement me
at stepDefinition.AddPatient.user_is_on_the_add_new_patient_page(AddPatient.java:11)
at ✽.User is on the Add New Patient Page(file:///Users/ezhilvanan/eclipse-workspace/SDET/Dietician1/src/test/resources/feature/AddnewPatient.feature:13)
]]>
            </full-stacktrace>
          </exception> <!-- io.cucumber.java.PendingException -->
          <reporter-output>
          </reporter-output>
        </test-method> <!-- runScenario -->
        <test-method signature="runScenario(io.cucumber.testng.PickleWrapper,io.cucumber.testng.FeatureWrapper)[pri:0, instance:testRunner.AllureR@202b0582]" started-at="2022-06-21T13:25:40 CDT" name="runScenario" description="Runs Cucumber Scenarios" data-provider="scenarios" finished-at="2022-06-21T13:25:40 CDT" duration-ms="40" status="FAIL">
          <params>
            <param index="0">
              <value>
                <![CDATA["patient page3"]]>
              </value>
            </param>
            <param index="1">
              <value>
                <![CDATA["Title of your feature"]]>
              </value>
            </param>
          </params>
          <exception class="io.cucumber.java.PendingException">
            <message>
              <![CDATA[TODO: implement me]]>
            </message>
            <full-stacktrace>
              <![CDATA[io.cucumber.java.PendingException: TODO: implement me
at stepDefinition.AddPatient.user_is_on_the_add_new_patient_page(AddPatient.java:11)
at ✽.User is on the Add New Patient Page(file:///Users/ezhilvanan/eclipse-workspace/SDET/Dietician1/src/test/resources/feature/AddnewPatient.feature:19)
]]>
            </full-stacktrace>
          </exception> <!-- io.cucumber.java.PendingException -->
          <reporter-output>
          </reporter-output>
        </test-method> <!-- runScenario -->
        <test-method signature="runScenario(io.cucumber.testng.PickleWrapper,io.cucumber.testng.FeatureWrapper)[pri:0, instance:testRunner.AllureR@202b0582]" started-at="2022-06-21T13:25:40 CDT" name="runScenario" description="Runs Cucumber Scenarios" data-provider="scenarios" finished-at="2022-06-21T13:25:40 CDT" duration-ms="27" status="FAIL">
          <params>
            <param index="0">
              <value>
                <![CDATA["patient page4"]]>
              </value>
            </param>
            <param index="1">
              <value>
                <![CDATA["Title of your feature"]]>
              </value>
            </param>
          </params>
          <exception class="io.cucumber.java.PendingException">
            <message>
              <![CDATA[TODO: implement me]]>
            </message>
            <full-stacktrace>
              <![CDATA[io.cucumber.java.PendingException: TODO: implement me
at stepDefinition.AddPatient.user_is_on_the_add_new_patient_page(AddPatient.java:11)
at ✽.User is on the Add New Patient Page(file:///Users/ezhilvanan/eclipse-workspace/SDET/Dietician1/src/test/resources/feature/AddnewPatient.feature:25)
]]>
            </full-stacktrace>
          </exception> <!-- io.cucumber.java.PendingException -->
          <reporter-output>
          </reporter-output>
        </test-method> <!-- runScenario -->
        <test-method signature="runScenario(io.cucumber.testng.PickleWrapper,io.cucumber.testng.FeatureWrapper)[pri:0, instance:testRunner.AllureR@202b0582]" started-at="2022-06-21T13:25:40 CDT" name="runScenario" description="Runs Cucumber Scenarios" data-provider="scenarios" finished-at="2022-06-21T13:25:41 CDT" duration-ms="27" status="FAIL">
          <params>
            <param index="0">
              <value>
                <![CDATA["patient page5"]]>
              </value>
            </param>
            <param index="1">
              <value>
                <![CDATA["Title of your feature"]]>
              </value>
            </param>
          </params>
          <exception class="io.cucumber.java.PendingException">
            <message>
              <![CDATA[TODO: implement me]]>
            </message>
            <full-stacktrace>
              <![CDATA[io.cucumber.java.PendingException: TODO: implement me
at stepDefinition.AddPatient.user_is_on_the_add_new_patient_page(AddPatient.java:11)
at ✽.User is on the Add New Patient Page(file:///Users/ezhilvanan/eclipse-workspace/SDET/Dietician1/src/test/resources/feature/AddnewPatient.feature:31)
]]>
            </full-stacktrace>
          </exception> <!-- io.cucumber.java.PendingException -->
          <reporter-output>
          </reporter-output>
        </test-method> <!-- runScenario -->
        <test-method signature="runScenario(io.cucumber.testng.PickleWrapper,io.cucumber.testng.FeatureWrapper)[pri:0, instance:testRunner.AllureR@202b0582]" started-at="2022-06-21T13:25:41 CDT" name="runScenario" description="Runs Cucumber Scenarios" data-provider="scenarios" finished-at="2022-06-21T13:25:41 CDT" duration-ms="28" status="FAIL">
          <params>
            <param index="0">
              <value>
                <![CDATA["patient page6"]]>
              </value>
            </param>
            <param index="1">
              <value>
                <![CDATA["Title of your feature"]]>
              </value>
            </param>
          </params>
          <exception class="io.cucumber.java.PendingException">
            <message>
              <![CDATA[TODO: implement me]]>
            </message>
            <full-stacktrace>
              <![CDATA[io.cucumber.java.PendingException: TODO: implement me
at stepDefinition.AddPatient.user_is_on_the_add_new_patient_page(AddPatient.java:11)
at ✽.User is on the Add New Patient Page(file:///Users/ezhilvanan/eclipse-workspace/SDET/Dietician1/src/test/resources/feature/AddnewPatient.feature:37)
]]>
            </full-stacktrace>
          </exception> <!-- io.cucumber.java.PendingException -->
          <reporter-output>
          </reporter-output>
        </test-method> <!-- runScenario -->
        <test-method signature="runScenario(io.cucumber.testng.PickleWrapper,io.cucumber.testng.FeatureWrapper)[pri:0, instance:testRunner.AllureR@202b0582]" started-at="2022-06-21T13:25:41 CDT" name="runScenario" description="Runs Cucumber Scenarios" data-provider="scenarios" finished-at="2022-06-21T13:25:41 CDT" duration-ms="24" status="FAIL">
          <params>
            <param index="0">
              <value>
                <![CDATA["patient page7"]]>
              </value>
            </param>
            <param index="1">
              <value>
                <![CDATA["Title of your feature"]]>
              </value>
            </param>
          </params>
          <exception class="io.cucumber.java.PendingException">
            <message>
              <![CDATA[TODO: implement me]]>
            </message>
            <full-stacktrace>
              <![CDATA[io.cucumber.java.PendingException: TODO: implement me
at stepDefinition.AddPatient.user_is_on_the_add_new_patient_page(AddPatient.java:11)
at ✽.User is on the Add New Patient Page(file:///Users/ezhilvanan/eclipse-workspace/SDET/Dietician1/src/test/resources/feature/AddnewPatient.feature:43)
]]>
            </full-stacktrace>
          </exception> <!-- io.cucumber.java.PendingException -->
          <reporter-output>
          </reporter-output>
        </test-method> <!-- runScenario -->
        <test-method signature="runScenario(io.cucumber.testng.PickleWrapper,io.cucumber.testng.FeatureWrapper)[pri:0, instance:testRunner.AllureR@202b0582]" started-at="2022-06-21T13:25:41 CDT" name="runScenario" description="Runs Cucumber Scenarios" data-provider="scenarios" finished-at="2022-06-21T13:25:41 CDT" duration-ms="24" status="FAIL">
          <params>
            <param index="0">
              <value>
                <![CDATA["patient page8"]]>
              </value>
            </param>
            <param index="1">
              <value>
                <![CDATA["Title of your feature"]]>
              </value>
            </param>
          </params>
          <exception class="io.cucumber.java.PendingException">
            <message>
              <![CDATA[TODO: implement me]]>
            </message>
            <full-stacktrace>
              <![CDATA[io.cucumber.java.PendingException: TODO: implement me
at stepDefinition.AddPatient.user_is_on_the_add_new_patient_page(AddPatient.java:11)
at ✽.User is on the Add New Patient Page(file:///Users/ezhilvanan/eclipse-workspace/SDET/Dietician1/src/test/resources/feature/AddnewPatient.feature:49)
]]>
            </full-stacktrace>
          </exception> <!-- io.cucumber.java.PendingException -->
          <reporter-output>
          </reporter-output>
        </test-method> <!-- runScenario -->
        <test-method signature="runScenario(io.cucumber.testng.PickleWrapper,io.cucumber.testng.FeatureWrapper)[pri:0, instance:testRunner.AllureR@202b0582]" started-at="2022-06-21T13:25:41 CDT" name="runScenario" description="Runs Cucumber Scenarios" data-provider="scenarios" finished-at="2022-06-21T13:25:41 CDT" duration-ms="30" status="FAIL">
          <params>
            <param index="0">
              <value>
                <![CDATA["patient page9"]]>
              </value>
            </param>
            <param index="1">
              <value>
                <![CDATA["Title of your feature"]]>
              </value>
            </param>
          </params>
          <exception class="io.cucumber.java.PendingException">
            <message>
              <![CDATA[TODO: implement me]]>
            </message>
            <full-stacktrace>
              <![CDATA[io.cucumber.java.PendingException: TODO: implement me
at stepDefinition.AddPatient.user_is_on_the_add_new_patient_page(AddPatient.java:11)
at ✽.User is on the Add New Patient Page(file:///Users/ezhilvanan/eclipse-workspace/SDET/Dietician1/src/test/resources/feature/AddnewPatient.feature:55)
]]>
            </full-stacktrace>
          </exception> <!-- io.cucumber.java.PendingException -->
          <reporter-output>
          </reporter-output>
        </test-method> <!-- runScenario -->
        <test-method signature="runScenario(io.cucumber.testng.PickleWrapper,io.cucumber.testng.FeatureWrapper)[pri:0, instance:testRunner.AllureR@202b0582]" started-at="2022-06-21T13:25:41 CDT" name="runScenario" description="Runs Cucumber Scenarios" data-provider="scenarios" finished-at="2022-06-21T13:25:41 CDT" duration-ms="23" status="FAIL">
          <params>
            <param index="0">
              <value>
                <![CDATA["patient page10"]]>
              </value>
            </param>
            <param index="1">
              <value>
                <![CDATA["Title of your feature"]]>
              </value>
            </param>
          </params>
          <exception class="io.cucumber.java.PendingException">
            <message>
              <![CDATA[TODO: implement me]]>
            </message>
            <full-stacktrace>
              <![CDATA[io.cucumber.java.PendingException: TODO: implement me
at stepDefinition.AddPatient.user_is_on_the_add_new_patient_page(AddPatient.java:11)
at ✽.User is on the Add New Patient Page(file:///Users/ezhilvanan/eclipse-workspace/SDET/Dietician1/src/test/resources/feature/AddnewPatient.feature:61)
]]>
            </full-stacktrace>
          </exception> <!-- io.cucumber.java.PendingException -->
          <reporter-output>
          </reporter-output>
        </test-method> <!-- runScenario -->
        <test-method signature="runScenario(io.cucumber.testng.PickleWrapper,io.cucumber.testng.FeatureWrapper)[pri:0, instance:testRunner.AllureR@202b0582]" started-at="2022-06-21T13:25:41 CDT" name="runScenario" description="Runs Cucumber Scenarios" data-provider="scenarios" finished-at="2022-06-21T13:25:41 CDT" duration-ms="22" status="FAIL">
          <params>
            <param index="0">
              <value>
                <![CDATA["patient page11"]]>
              </value>
            </param>
            <param index="1">
              <value>
                <![CDATA["Title of your feature"]]>
              </value>
            </param>
          </params>
          <exception class="io.cucumber.java.PendingException">
            <message>
              <![CDATA[TODO: implement me]]>
            </message>
            <full-stacktrace>
              <![CDATA[io.cucumber.java.PendingException: TODO: implement me
at stepDefinition.AddPatient.user_is_on_the_add_new_patient_page(AddPatient.java:11)
at ✽.User is on the Add New Patient Page(file:///Users/ezhilvanan/eclipse-workspace/SDET/Dietician1/src/test/resources/feature/AddnewPatient.feature:67)
]]>
            </full-stacktrace>
          </exception> <!-- io.cucumber.java.PendingException -->
          <reporter-output>
          </reporter-output>
        </test-method> <!-- runScenario -->
        <test-method signature="runScenario(io.cucumber.testng.PickleWrapper,io.cucumber.testng.FeatureWrapper)[pri:0, instance:testRunner.AllureR@202b0582]" started-at="2022-06-21T13:25:41 CDT" name="runScenario" description="Runs Cucumber Scenarios" data-provider="scenarios" finished-at="2022-06-21T13:25:41 CDT" duration-ms="31" status="FAIL">
          <params>
            <param index="0">
              <value>
                <![CDATA["patient page12"]]>
              </value>
            </param>
            <param index="1">
              <value>
                <![CDATA["Title of your feature"]]>
              </value>
            </param>
          </params>
          <exception class="io.cucumber.java.PendingException">
            <message>
              <![CDATA[TODO: implement me]]>
            </message>
            <full-stacktrace>
              <![CDATA[io.cucumber.java.PendingException: TODO: implement me
at stepDefinition.AddPatient.user_is_on_the_add_new_patient_page(AddPatient.java:11)
at ✽.User is on the Add New Patient Page(file:///Users/ezhilvanan/eclipse-workspace/SDET/Dietician1/src/test/resources/feature/AddnewPatient.feature:73)
]]>
            </full-stacktrace>
          </exception> <!-- io.cucumber.java.PendingException -->
          <reporter-output>
          </reporter-output>
        </test-method> <!-- runScenario -->
        <test-method signature="runScenario(io.cucumber.testng.PickleWrapper,io.cucumber.testng.FeatureWrapper)[pri:0, instance:testRunner.AllureR@202b0582]" started-at="2022-06-21T13:25:41 CDT" name="runScenario" description="Runs Cucumber Scenarios" data-provider="scenarios" finished-at="2022-06-21T13:25:41 CDT" duration-ms="23" status="FAIL">
          <params>
            <param index="0">
              <value>
                <![CDATA["patient page13"]]>
              </value>
            </param>
            <param index="1">
              <value>
                <![CDATA["Title of your feature"]]>
              </value>
            </param>
          </params>
          <exception class="io.cucumber.java.PendingException">
            <message>
              <![CDATA[TODO: implement me]]>
            </message>
            <full-stacktrace>
              <![CDATA[io.cucumber.java.PendingException: TODO: implement me
at stepDefinition.AddPatient.user_is_on_the_add_new_patient_page(AddPatient.java:11)
at ✽.User is on the Add New Patient Page(file:///Users/ezhilvanan/eclipse-workspace/SDET/Dietician1/src/test/resources/feature/AddnewPatient.feature:79)
]]>
            </full-stacktrace>
          </exception> <!-- io.cucumber.java.PendingException -->
          <reporter-output>
          </reporter-output>
        </test-method> <!-- runScenario -->
        <test-method signature="runScenario(io.cucumber.testng.PickleWrapper,io.cucumber.testng.FeatureWrapper)[pri:0, instance:testRunner.AllureR@202b0582]" started-at="2022-06-21T13:25:41 CDT" name="runScenario" description="Runs Cucumber Scenarios" data-provider="scenarios" finished-at="2022-06-21T13:25:41 CDT" duration-ms="26" status="FAIL">
          <params>
            <param index="0">
              <value>
                <![CDATA["patient page14"]]>
              </value>
            </param>
            <param index="1">
              <value>
                <![CDATA["Title of your feature"]]>
              </value>
            </param>
          </params>
          <exception class="io.cucumber.java.PendingException">
            <message>
              <![CDATA[TODO: implement me]]>
            </message>
            <full-stacktrace>
              <![CDATA[io.cucumber.java.PendingException: TODO: implement me
at stepDefinition.AddPatient.user_is_on_the_add_new_patient_page(AddPatient.java:11)
at ✽.User is on the Add New Patient Page(file:///Users/ezhilvanan/eclipse-workspace/SDET/Dietician1/src/test/resources/feature/AddnewPatient.feature:85)
]]>
            </full-stacktrace>
          </exception> <!-- io.cucumber.java.PendingException -->
          <reporter-output>
          </reporter-output>
        </test-method> <!-- runScenario -->
        <test-method signature="runScenario(io.cucumber.testng.PickleWrapper,io.cucumber.testng.FeatureWrapper)[pri:0, instance:testRunner.AllureR@202b0582]" started-at="2022-06-21T13:25:41 CDT" name="runScenario" description="Runs Cucumber Scenarios" data-provider="scenarios" finished-at="2022-06-21T13:25:41 CDT" duration-ms="27" status="FAIL">
          <params>
            <param index="0">
              <value>
                <![CDATA["patient page15"]]>
              </value>
            </param>
            <param index="1">
              <value>
                <![CDATA["Title of your feature"]]>
              </value>
            </param>
          </params>
          <exception class="io.cucumber.java.PendingException">
            <message>
              <![CDATA[TODO: implement me]]>
            </message>
            <full-stacktrace>
              <![CDATA[io.cucumber.java.PendingException: TODO: implement me
at stepDefinition.AddPatient.user_is_on_the_add_new_patient_page(AddPatient.java:11)
at ✽.User is on the Add New Patient Page(file:///Users/ezhilvanan/eclipse-workspace/SDET/Dietician1/src/test/resources/feature/AddnewPatient.feature:91)
]]>
            </full-stacktrace>
          </exception> <!-- io.cucumber.java.PendingException -->
          <reporter-output>
          </reporter-output>
        </test-method> <!-- runScenario -->
        <test-method signature="runScenario(io.cucumber.testng.PickleWrapper,io.cucumber.testng.FeatureWrapper)[pri:0, instance:testRunner.AllureR@202b0582]" started-at="2022-06-21T13:25:41 CDT" name="runScenario" description="Runs Cucumber Scenarios" data-provider="scenarios" finished-at="2022-06-21T13:25:41 CDT" duration-ms="30" status="FAIL">
          <params>
            <param index="0">
              <value>
                <![CDATA["patient page16"]]>
              </value>
            </param>
            <param index="1">
              <value>
                <![CDATA["Title of your feature"]]>
              </value>
            </param>
          </params>
          <exception class="io.cucumber.java.PendingException">
            <message>
              <![CDATA[TODO: implement me]]>
            </message>
            <full-stacktrace>
              <![CDATA[io.cucumber.java.PendingException: TODO: implement me
at stepDefinition.AddPatient.user_is_on_the_add_new_patient_page(AddPatient.java:11)
at ✽.User is on the Add New Patient Page(file:///Users/ezhilvanan/eclipse-workspace/SDET/Dietician1/src/test/resources/feature/AddnewPatient.feature:97)
]]>
            </full-stacktrace>
          </exception> <!-- io.cucumber.java.PendingException -->
          <reporter-output>
          </reporter-output>
        </test-method> <!-- runScenario -->
        <test-method signature="runScenario(io.cucumber.testng.PickleWrapper,io.cucumber.testng.FeatureWrapper)[pri:0, instance:testRunner.AllureR@202b0582]" started-at="2022-06-21T13:25:41 CDT" name="runScenario" description="Runs Cucumber Scenarios" data-provider="scenarios" finished-at="2022-06-21T13:25:41 CDT" duration-ms="26" status="FAIL">
          <params>
            <param index="0">
              <value>
                <![CDATA["patient page17"]]>
              </value>
            </param>
            <param index="1">
              <value>
                <![CDATA["Title of your feature"]]>
              </value>
            </param>
          </params>
          <exception class="io.cucumber.java.PendingException">
            <message>
              <![CDATA[TODO: implement me]]>
            </message>
            <full-stacktrace>
              <![CDATA[io.cucumber.java.PendingException: TODO: implement me
at stepDefinition.AddPatient.user_is_on_the_add_new_patient_page(AddPatient.java:11)
at ✽.User is on the Add New Patient Page(file:///Users/ezhilvanan/eclipse-workspace/SDET/Dietician1/src/test/resources/feature/AddnewPatient.feature:103)
]]>
            </full-stacktrace>
          </exception> <!-- io.cucumber.java.PendingException -->
          <reporter-output>
          </reporter-output>
        </test-method> <!-- runScenario -->
        <test-method signature="runScenario(io.cucumber.testng.PickleWrapper,io.cucumber.testng.FeatureWrapper)[pri:0, instance:testRunner.AllureR@202b0582]" started-at="2022-06-21T13:25:41 CDT" name="runScenario" description="Runs Cucumber Scenarios" data-provider="scenarios" finished-at="2022-06-21T13:25:41 CDT" duration-ms="35" status="FAIL">
          <params>
            <param index="0">
              <value>
                <![CDATA["patient page18"]]>
              </value>
            </param>
            <param index="1">
              <value>
                <![CDATA["Title of your feature"]]>
              </value>
            </param>
          </params>
          <exception class="io.cucumber.java.PendingException">
            <message>
              <![CDATA[TODO: implement me]]>
            </message>
            <full-stacktrace>
              <![CDATA[io.cucumber.java.PendingException: TODO: implement me
at stepDefinition.AddPatient.user_is_on_the_add_new_patient_page(AddPatient.java:11)
at ✽.User is on the Add New Patient Page(file:///Users/ezhilvanan/eclipse-workspace/SDET/Dietician1/src/test/resources/feature/AddnewPatient.feature:109)
]]>
            </full-stacktrace>
          </exception> <!-- io.cucumber.java.PendingException -->
          <reporter-output>
          </reporter-output>
        </test-method> <!-- runScenario -->
        <test-method signature="runScenario(io.cucumber.testng.PickleWrapper,io.cucumber.testng.FeatureWrapper)[pri:0, instance:testRunner.AllureR@202b0582]" started-at="2022-06-21T13:25:41 CDT" name="runScenario" description="Runs Cucumber Scenarios" data-provider="scenarios" finished-at="2022-06-21T13:25:41 CDT" duration-ms="37" status="FAIL">
          <params>
            <param index="0">
              <value>
                <![CDATA["patient page19"]]>
              </value>
            </param>
            <param index="1">
              <value>
                <![CDATA["Title of your feature"]]>
              </value>
            </param>
          </params>
          <exception class="io.cucumber.java.PendingException">
            <message>
              <![CDATA[TODO: implement me]]>
            </message>
            <full-stacktrace>
              <![CDATA[io.cucumber.java.PendingException: TODO: implement me
at stepDefinition.AddPatient.user_is_on_the_add_new_patient_page(AddPatient.java:11)
at ✽.User is on the Add New Patient Page(file:///Users/ezhilvanan/eclipse-workspace/SDET/Dietician1/src/test/resources/feature/AddnewPatient.feature:115)
]]>
            </full-stacktrace>
          </exception> <!-- io.cucumber.java.PendingException -->
          <reporter-output>
          </reporter-output>
        </test-method> <!-- runScenario -->
        <test-method signature="runScenario(io.cucumber.testng.PickleWrapper,io.cucumber.testng.FeatureWrapper)[pri:0, instance:testRunner.AllureR@202b0582]" started-at="2022-06-21T13:25:41 CDT" name="runScenario" description="Runs Cucumber Scenarios" data-provider="scenarios" finished-at="2022-06-21T13:25:41 CDT" duration-ms="44" status="FAIL">
          <params>
            <param index="0">
              <value>
                <![CDATA["Dietician home page"]]>
              </value>
            </param>
            <param index="1">
              <value>
                <![CDATA["Title of your feature"]]>
              </value>
            </param>
          </params>
          <exception class="io.cucumber.java.PendingException">
            <message>
              <![CDATA[TODO: implement me]]>
            </message>
            <full-stacktrace>
              <![CDATA[io.cucumber.java.PendingException: TODO: implement me
at stepDefinition.AfterLogin.user_is_on_the_dietician_website(AfterLogin.java:11)
at ✽.User is on the Dietician website(file:///Users/ezhilvanan/eclipse-workspace/SDET/Dietician1/src/test/resources/feature/AfterLogin.feature:7)
]]>
            </full-stacktrace>
          </exception> <!-- io.cucumber.java.PendingException -->
          <reporter-output>
          </reporter-output>
        </test-method> <!-- runScenario -->
        <test-method signature="runScenario(io.cucumber.testng.PickleWrapper,io.cucumber.testng.FeatureWrapper)[pri:0, instance:testRunner.AllureR@202b0582]" started-at="2022-06-21T13:25:41 CDT" name="runScenario" description="Runs Cucumber Scenarios" data-provider="scenarios" finished-at="2022-06-21T13:25:41 CDT" duration-ms="35" status="FAIL">
          <params>
            <param index="0">
              <value>
                <![CDATA["Newpatient page"]]>
              </value>
            </param>
            <param index="1">
              <value>
                <![CDATA["Title of your feature"]]>
              </value>
            </param>
          </params>
          <exception class="io.cucumber.java.PendingException">
            <message>
              <![CDATA[TODO: implement me]]>
            </message>
            <full-stacktrace>
              <![CDATA[io.cucumber.java.PendingException: TODO: implement me
at stepDefinition.AfterLogin.user_is_on_the_dietician_website(AfterLogin.java:11)
at ✽.User is on the Dietician website(file:///Users/ezhilvanan/eclipse-workspace/SDET/Dietician1/src/test/resources/feature/AfterLogin.feature:13)
]]>
            </full-stacktrace>
          </exception> <!-- io.cucumber.java.PendingException -->
          <reporter-output>
          </reporter-output>
        </test-method> <!-- runScenario -->
        <test-method signature="runScenario(io.cucumber.testng.PickleWrapper,io.cucumber.testng.FeatureWrapper)[pri:0, instance:testRunner.AllureR@202b0582]" started-at="2022-06-21T13:25:41 CDT" name="runScenario" description="Runs Cucumber Scenarios" data-provider="scenarios" finished-at="2022-06-21T13:25:41 CDT" duration-ms="16" status="FAIL">
          <params>
            <param index="0">
              <value>
                <![CDATA["Mypatient page"]]>
              </value>
            </param>
            <param index="1">
              <value>
                <![CDATA["Title of your feature"]]>
              </value>
            </param>
          </params>
          <exception class="io.cucumber.java.PendingException">
            <message>
              <![CDATA[TODO: implement me]]>
            </message>
            <full-stacktrace>
              <![CDATA[io.cucumber.java.PendingException: TODO: implement me
at stepDefinition.AfterLogin.user_is_on_the_dietician_website(AfterLogin.java:11)
at ✽.User is on the Dietician website(file:///Users/ezhilvanan/eclipse-workspace/SDET/Dietician1/src/test/resources/feature/AfterLogin.feature:19)
]]>
            </full-stacktrace>
          </exception> <!-- io.cucumber.java.PendingException -->
          <reporter-output>
          </reporter-output>
        </test-method> <!-- runScenario -->
        <test-method signature="runScenario(io.cucumber.testng.PickleWrapper,io.cucumber.testng.FeatureWrapper)[pri:0, instance:testRunner.AllureR@202b0582]" started-at="2022-06-21T13:25:41 CDT" name="runScenario" description="Runs Cucumber Scenarios" data-provider="scenarios" finished-at="2022-06-21T13:25:41 CDT" duration-ms="14" status="FAIL">
          <params>
            <param index="0">
              <value>
                <![CDATA["Diet Plans page"]]>
              </value>
            </param>
            <param index="1">
              <value>
                <![CDATA["Title of your feature"]]>
              </value>
            </param>
          </params>
          <exception class="io.cucumber.java.PendingException">
            <message>
              <![CDATA[TODO: implement me]]>
            </message>
            <full-stacktrace>
              <![CDATA[io.cucumber.java.PendingException: TODO: implement me
at stepDefinition.AfterLogin.user_is_on_the_dietician_website(AfterLogin.java:11)
at ✽.User is on the Dietician website(file:///Users/ezhilvanan/eclipse-workspace/SDET/Dietician1/src/test/resources/feature/AfterLogin.feature:25)
]]>
            </full-stacktrace>
          </exception> <!-- io.cucumber.java.PendingException -->
          <reporter-output>
          </reporter-output>
        </test-method> <!-- runScenario -->
        <test-method signature="runScenario(io.cucumber.testng.PickleWrapper,io.cucumber.testng.FeatureWrapper)[pri:0, instance:testRunner.AllureR@202b0582]" started-at="2022-06-21T13:25:41 CDT" name="runScenario" description="Runs Cucumber Scenarios" data-provider="scenarios" finished-at="2022-06-21T13:25:41 CDT" duration-ms="24" status="PASS">
          <params>
            <param index="0">
              <value>
                <![CDATA["Test the navigation of Screens page"]]>
              </value>
            </param>
            <param index="1">
              <value>
                <![CDATA["List of screens functionality"]]>
              </value>
            </param>
          </params>
          <reporter-output>
          </reporter-output>
        </test-method> <!-- runScenario -->
        <test-method signature="runScenario(io.cucumber.testng.PickleWrapper,io.cucumber.testng.FeatureWrapper)[pri:0, instance:testRunner.AllureR@202b0582]" started-at="2022-06-21T13:25:41 CDT" name="runScenario" description="Runs Cucumber Scenarios" data-provider="scenarios" finished-at="2022-06-21T13:25:41 CDT" duration-ms="13" status="PASS">
          <params>
            <param index="0">
              <value>
                <![CDATA["Test the navigation of user Sign in page in the screen list"]]>
              </value>
            </param>
            <param index="1">
              <value>
                <![CDATA["List of screens functionality"]]>
              </value>
            </param>
          </params>
          <reporter-output>
          </reporter-output>
        </test-method> <!-- runScenario -->
        <test-method signature="runScenario(io.cucumber.testng.PickleWrapper,io.cucumber.testng.FeatureWrapper)[pri:0, instance:testRunner.AllureR@202b0582]" started-at="2022-06-21T13:25:41 CDT" name="runScenario" description="Runs Cucumber Scenarios" data-provider="scenarios" finished-at="2022-06-21T13:25:41 CDT" duration-ms="20" status="PASS">
          <params>
            <param index="0">
              <value>
                <![CDATA["Test the navigation of register page in the screen list"]]>
              </value>
            </param>
            <param index="1">
              <value>
                <![CDATA["List of screens functionality"]]>
              </value>
            </param>
          </params>
          <reporter-output>
          </reporter-output>
        </test-method> <!-- runScenario -->
        <test-method signature="runScenario(io.cucumber.testng.PickleWrapper,io.cucumber.testng.FeatureWrapper)[pri:0, instance:testRunner.AllureR@202b0582]" started-at="2022-06-21T13:25:41 CDT" name="runScenario" description="Runs Cucumber Scenarios" data-provider="scenarios" finished-at="2022-06-21T13:25:41 CDT" duration-ms="18" status="PASS">
          <params>
            <param index="0">
              <value>
                <![CDATA["Test the navigation of team page in the screen list"]]>
              </value>
            </param>
            <param index="1">
              <value>
                <![CDATA["List of screens functionality"]]>
              </value>
            </param>
          </params>
          <reporter-output>
          </reporter-output>
        </test-method> <!-- runScenario -->
        <test-method signature="runScenario(io.cucumber.testng.PickleWrapper,io.cucumber.testng.FeatureWrapper)[pri:0, instance:testRunner.AllureR@202b0582]" started-at="2022-06-21T13:25:41 CDT" name="runScenario" description="Runs Cucumber Scenarios" data-provider="scenarios" finished-at="2022-06-21T13:25:41 CDT" duration-ms="20" status="PASS">
          <params>
            <param index="0">
              <value>
                <![CDATA["Test the navigation of testimonials page in the screen list"]]>
              </value>
            </param>
            <param index="1">
              <value>
                <![CDATA["List of screens functionality"]]>
              </value>
            </param>
          </params>
          <reporter-output>
          </reporter-output>
        </test-method> <!-- runScenario -->
        <test-method signature="runScenario(io.cucumber.testng.PickleWrapper,io.cucumber.testng.FeatureWrapper)[pri:0, instance:testRunner.AllureR@202b0582]" started-at="2022-06-21T13:25:41 CDT" name="runScenario" description="Runs Cucumber Scenarios" data-provider="scenarios" finished-at="2022-06-21T13:25:41 CDT" duration-ms="18" status="PASS">
          <params>
            <param index="0">
              <value>
                <![CDATA["Test the navigation of forgot password page in the screen list"]]>
              </value>
            </param>
            <param index="1">
              <value>
                <![CDATA["List of screens functionality"]]>
              </value>
            </param>
          </params>
          <reporter-output>
          </reporter-output>
        </test-method> <!-- runScenario -->
        <test-method signature="runScenario(io.cucumber.testng.PickleWrapper,io.cucumber.testng.FeatureWrapper)[pri:0, instance:testRunner.AllureR@202b0582]" started-at="2022-06-21T13:25:41 CDT" name="runScenario" description="Runs Cucumber Scenarios" data-provider="scenarios" finished-at="2022-06-21T13:25:41 CDT" duration-ms="18" status="PASS">
          <params>
            <param index="0">
              <value>
                <![CDATA["Test the navigation of contact page in the screen list"]]>
              </value>
            </param>
            <param index="1">
              <value>
                <![CDATA["List of screens functionality"]]>
              </value>
            </param>
          </params>
          <reporter-output>
          </reporter-output>
        </test-method> <!-- runScenario -->
        <test-method signature="runScenario(io.cucumber.testng.PickleWrapper,io.cucumber.testng.FeatureWrapper)[pri:0, instance:testRunner.AllureR@202b0582]" started-at="2022-06-21T13:25:41 CDT" name="runScenario" description="Runs Cucumber Scenarios" data-provider="scenarios" finished-at="2022-06-21T13:25:41 CDT" duration-ms="18" status="PASS">
          <params>
            <param index="0">
              <value>
                <![CDATA["Test the navigation of blogs page in the screen list"]]>
              </value>
            </param>
            <param index="1">
              <value>
                <![CDATA["List of screens functionality"]]>
              </value>
            </param>
          </params>
          <reporter-output>
          </reporter-output>
        </test-method> <!-- runScenario -->
        <test-method signature="runScenario(io.cucumber.testng.PickleWrapper,io.cucumber.testng.FeatureWrapper)[pri:0, instance:testRunner.AllureR@202b0582]" started-at="2022-06-21T13:25:41 CDT" name="runScenario" description="Runs Cucumber Scenarios" data-provider="scenarios" finished-at="2022-06-21T13:25:41 CDT" duration-ms="18" status="PASS">
          <params>
            <param index="0">
              <value>
                <![CDATA["Test the navigation of featured content page in the screen list"]]>
              </value>
            </param>
            <param index="1">
              <value>
                <![CDATA["List of screens functionality"]]>
              </value>
            </param>
          </params>
          <reporter-output>
          </reporter-output>
        </test-method> <!-- runScenario -->
        <test-method signature="runScenario(io.cucumber.testng.PickleWrapper,io.cucumber.testng.FeatureWrapper)[pri:0, instance:testRunner.AllureR@202b0582]" started-at="2022-06-21T13:25:41 CDT" name="runScenario" description="Runs Cucumber Scenarios" data-provider="scenarios" finished-at="2022-06-21T13:25:41 CDT" duration-ms="12" status="PASS">
          <params>
            <param index="0">
              <value>
                <![CDATA["Test the navigation of home page in the screen list"]]>
              </value>
            </param>
            <param index="1">
              <value>
                <![CDATA["List of screens functionality"]]>
              </value>
            </param>
          </params>
          <reporter-output>
          </reporter-output>
        </test-method> <!-- runScenario -->
        <test-method signature="runScenario(io.cucumber.testng.PickleWrapper,io.cucumber.testng.FeatureWrapper)[pri:0, instance:testRunner.AllureR@202b0582]" started-at="2022-06-21T13:25:41 CDT" name="runScenario" description="Runs Cucumber Scenarios" data-provider="scenarios" finished-at="2022-06-21T13:25:41 CDT" duration-ms="18" status="PASS">
          <params>
            <param index="0">
              <value>
                <![CDATA["Test the navigation of view recent diets page in the screen list before signing in with dietician account"]]>
              </value>
            </param>
            <param index="1">
              <value>
                <![CDATA["List of screens functionality"]]>
              </value>
            </param>
          </params>
          <reporter-output>
          </reporter-output>
        </test-method> <!-- runScenario -->
        <test-method signature="runScenario(io.cucumber.testng.PickleWrapper,io.cucumber.testng.FeatureWrapper)[pri:0, instance:testRunner.AllureR@202b0582]" started-at="2022-06-21T13:25:41 CDT" name="runScenario" description="Runs Cucumber Scenarios" data-provider="scenarios" finished-at="2022-06-21T13:25:41 CDT" duration-ms="15" status="PASS">
          <params>
            <param index="0">
              <value>
                <![CDATA["Test the navigation of view recent diets page in the screen list after signing in with dietician account"]]>
              </value>
            </param>
            <param index="1">
              <value>
                <![CDATA["List of screens functionality"]]>
              </value>
            </param>
          </params>
          <reporter-output>
          </reporter-output>
        </test-method> <!-- runScenario -->
        <test-method signature="runScenario(io.cucumber.testng.PickleWrapper,io.cucumber.testng.FeatureWrapper)[pri:0, instance:testRunner.AllureR@202b0582]" started-at="2022-06-21T13:25:41 CDT" name="runScenario" description="Runs Cucumber Scenarios" data-provider="scenarios" finished-at="2022-06-21T13:25:41 CDT" duration-ms="15" status="PASS">
          <params>
            <param index="0">
              <value>
                <![CDATA["Test the navigation of view recent test reports page in the screen list before signing in with dietician account"]]>
              </value>
            </param>
            <param index="1">
              <value>
                <![CDATA["List of screens functionality"]]>
              </value>
            </param>
          </params>
          <reporter-output>
          </reporter-output>
        </test-method> <!-- runScenario -->
        <test-method signature="runScenario(io.cucumber.testng.PickleWrapper,io.cucumber.testng.FeatureWrapper)[pri:0, instance:testRunner.AllureR@202b0582]" started-at="2022-06-21T13:25:41 CDT" name="runScenario" description="Runs Cucumber Scenarios" data-provider="scenarios" finished-at="2022-06-21T13:25:41 CDT" duration-ms="15" status="PASS">
          <params>
            <param index="0">
              <value>
                <![CDATA["Test the navigation of view recent test reports page in the screen list after signing in with dietician account"]]>
              </value>
            </param>
            <param index="1">
              <value>
                <![CDATA["List of screens functionality"]]>
              </value>
            </param>
          </params>
          <reporter-output>
          </reporter-output>
        </test-method> <!-- runScenario -->
        <test-method signature="runScenario(io.cucumber.testng.PickleWrapper,io.cucumber.testng.FeatureWrapper)[pri:0, instance:testRunner.AllureR@202b0582]" started-at="2022-06-21T13:25:41 CDT" name="runScenario" description="Runs Cucumber Scenarios" data-provider="scenarios" finished-at="2022-06-21T13:25:41 CDT" duration-ms="21" status="PASS">
          <params>
            <param index="0">
              <value>
                <![CDATA["Test the navigation of add new patient page in the screen list before signing in with dietician account"]]>
              </value>
            </param>
            <param index="1">
              <value>
                <![CDATA["List of screens functionality"]]>
              </value>
            </param>
          </params>
          <reporter-output>
          </reporter-output>
        </test-method> <!-- runScenario -->
        <test-method signature="runScenario(io.cucumber.testng.PickleWrapper,io.cucumber.testng.FeatureWrapper)[pri:0, instance:testRunner.AllureR@202b0582]" started-at="2022-06-21T13:25:41 CDT" name="runScenario" description="Runs Cucumber Scenarios" data-provider="scenarios" finished-at="2022-06-21T13:25:41 CDT" duration-ms="14" status="PASS">
          <params>
            <param index="0">
              <value>
                <![CDATA["Test the navigation of add new patient page in the screen list after signing in with dietician account"]]>
              </value>
            </param>
            <param index="1">
              <value>
                <![CDATA["List of screens functionality"]]>
              </value>
            </param>
          </params>
          <reporter-output>
          </reporter-output>
        </test-method> <!-- runScenario -->
        <test-method signature="runScenario(io.cucumber.testng.PickleWrapper,io.cucumber.testng.FeatureWrapper)[pri:0, instance:testRunner.AllureR@202b0582]" started-at="2022-06-21T13:25:41 CDT" name="runScenario" description="Runs Cucumber Scenarios" data-provider="scenarios" finished-at="2022-06-21T13:25:41 CDT" duration-ms="13" status="PASS">
          <params>
            <param index="0">
              <value>
                <![CDATA["Test the navigation of Dietician home page in the screen list before signing in with dietician account"]]>
              </value>
            </param>
            <param index="1">
              <value>
                <![CDATA["List of screens functionality"]]>
              </value>
            </param>
          </params>
          <reporter-output>
          </reporter-output>
        </test-method> <!-- runScenario -->
        <test-method signature="runScenario(io.cucumber.testng.PickleWrapper,io.cucumber.testng.FeatureWrapper)[pri:0, instance:testRunner.AllureR@202b0582]" started-at="2022-06-21T13:25:41 CDT" name="runScenario" description="Runs Cucumber Scenarios" data-provider="scenarios" finished-at="2022-06-21T13:25:41 CDT" duration-ms="13" status="PASS">
          <params>
            <param index="0">
              <value>
                <![CDATA["Test the navigation of Dietician home page in the screen list after signing in with dietician account"]]>
              </value>
            </param>
            <param index="1">
              <value>
                <![CDATA["List of screens functionality"]]>
              </value>
            </param>
          </params>
          <reporter-output>
          </reporter-output>
        </test-method> <!-- runScenario -->
        <test-method signature="runScenario(io.cucumber.testng.PickleWrapper,io.cucumber.testng.FeatureWrapper)[pri:0, instance:testRunner.AllureR@202b0582]" started-at="2022-06-21T13:25:41 CDT" name="runScenario" description="Runs Cucumber Scenarios" data-provider="scenarios" finished-at="2022-06-21T13:25:41 CDT" duration-ms="18" status="PASS">
          <params>
            <param index="0">
              <value>
                <![CDATA["Test the navigation of My patients page in the screen list before signing in with dietician account"]]>
              </value>
            </param>
            <param index="1">
              <value>
                <![CDATA["List of screens functionality"]]>
              </value>
            </param>
          </params>
          <reporter-output>
          </reporter-output>
        </test-method> <!-- runScenario -->
        <test-method signature="runScenario(io.cucumber.testng.PickleWrapper,io.cucumber.testng.FeatureWrapper)[pri:0, instance:testRunner.AllureR@202b0582]" started-at="2022-06-21T13:25:41 CDT" name="runScenario" description="Runs Cucumber Scenarios" data-provider="scenarios" finished-at="2022-06-21T13:25:41 CDT" duration-ms="15" status="PASS">
          <params>
            <param index="0">
              <value>
                <![CDATA["Test the navigation of My patients page in the screen list after signing in with dietician account"]]>
              </value>
            </param>
            <param index="1">
              <value>
                <![CDATA["List of screens functionality"]]>
              </value>
            </param>
          </params>
          <reporter-output>
          </reporter-output>
        </test-method> <!-- runScenario -->
        <test-method signature="runScenario(io.cucumber.testng.PickleWrapper,io.cucumber.testng.FeatureWrapper)[pri:0, instance:testRunner.AllureR@202b0582]" started-at="2022-06-21T13:25:41 CDT" name="runScenario" description="Runs Cucumber Scenarios" data-provider="scenarios" finished-at="2022-06-21T13:25:41 CDT" duration-ms="14" status="PASS">
          <params>
            <param index="0">
              <value>
                <![CDATA["Test the navigation of Confirm health conditions page in the screen list before signing in with dietician account"]]>
              </value>
            </param>
            <param index="1">
              <value>
                <![CDATA["List of screens functionality"]]>
              </value>
            </param>
          </params>
          <reporter-output>
          </reporter-output>
        </test-method> <!-- runScenario -->
        <test-method signature="runScenario(io.cucumber.testng.PickleWrapper,io.cucumber.testng.FeatureWrapper)[pri:0, instance:testRunner.AllureR@202b0582]" started-at="2022-06-21T13:25:41 CDT" name="runScenario" description="Runs Cucumber Scenarios" data-provider="scenarios" finished-at="2022-06-21T13:25:41 CDT" duration-ms="13" status="PASS">
          <params>
            <param index="0">
              <value>
                <![CDATA["Test the navigation of Confirm health conditions page in the screen list after signing in with dietician account"]]>
              </value>
            </param>
            <param index="1">
              <value>
                <![CDATA["List of screens functionality"]]>
              </value>
            </param>
          </params>
          <reporter-output>
          </reporter-output>
        </test-method> <!-- runScenario -->
        <test-method signature="runScenario(io.cucumber.testng.PickleWrapper,io.cucumber.testng.FeatureWrapper)[pri:0, instance:testRunner.AllureR@202b0582]" started-at="2022-06-21T13:25:41 CDT" name="runScenario" description="Runs Cucumber Scenarios" data-provider="scenarios" finished-at="2022-06-21T13:25:41 CDT" duration-ms="24" status="PASS">
          <params>
            <param index="0">
              <value>
                <![CDATA["Validating the title and fields of Register Page"]]>
              </value>
            </param>
            <param index="1">
              <value>
                <![CDATA["Registration"]]>
              </value>
            </param>
          </params>
          <reporter-output>
          </reporter-output>
        </test-method> <!-- runScenario -->
        <test-method signature="runScenario(io.cucumber.testng.PickleWrapper,io.cucumber.testng.FeatureWrapper)[pri:0, instance:testRunner.AllureR@202b0582]" started-at="2022-06-21T13:25:41 CDT" name="runScenario" description="Runs Cucumber Scenarios" data-provider="scenarios" finished-at="2022-06-21T13:25:42 CDT" duration-ms="23" status="PASS">
          <params>
            <param index="0">
              <value>
                <![CDATA["Validating the Sign up process with all fields being empty Option1"]]>
              </value>
            </param>
            <param index="1">
              <value>
                <![CDATA["Registration"]]>
              </value>
            </param>
          </params>
          <reporter-output>
          </reporter-output>
        </test-method> <!-- runScenario -->
        <test-method signature="runScenario(io.cucumber.testng.PickleWrapper,io.cucumber.testng.FeatureWrapper)[pri:0, instance:testRunner.AllureR@202b0582]" started-at="2022-06-21T13:25:42 CDT" name="runScenario" description="Runs Cucumber Scenarios" data-provider="scenarios" finished-at="2022-06-21T13:25:42 CDT" duration-ms="26" status="PASS">
          <params>
            <param index="0">
              <value>
                <![CDATA["Validating the Sign up process with invalid Cases Option1"]]>
              </value>
            </param>
            <param index="1">
              <value>
                <![CDATA["Registration"]]>
              </value>
            </param>
          </params>
          <reporter-output>
          </reporter-output>
        </test-method> <!-- runScenario -->
        <test-method signature="runScenario(io.cucumber.testng.PickleWrapper,io.cucumber.testng.FeatureWrapper)[pri:0, instance:testRunner.AllureR@202b0582]" started-at="2022-06-21T13:25:42 CDT" name="runScenario" description="Runs Cucumber Scenarios" data-provider="scenarios" finished-at="2022-06-21T13:25:42 CDT" duration-ms="88" status="PASS">
          <params>
            <param index="0">
              <value>
                <![CDATA["Validating the Sign up process with invalid Cases Option1"]]>
              </value>
            </param>
            <param index="1">
              <value>
                <![CDATA["Registration"]]>
              </value>
            </param>
          </params>
          <reporter-output>
          </reporter-output>
        </test-method> <!-- runScenario -->
        <test-method signature="runScenario(io.cucumber.testng.PickleWrapper,io.cucumber.testng.FeatureWrapper)[pri:0, instance:testRunner.AllureR@202b0582]" started-at="2022-06-21T13:25:42 CDT" name="runScenario" description="Runs Cucumber Scenarios" data-provider="scenarios" finished-at="2022-06-21T13:25:42 CDT" duration-ms="94" status="PASS">
          <params>
            <param index="0">
              <value>
                <![CDATA["Validating the Sign up process with invalid Cases Option1"]]>
              </value>
            </param>
            <param index="1">
              <value>
                <![CDATA["Registration"]]>
              </value>
            </param>
          </params>
          <reporter-output>
          </reporter-output>
        </test-method> <!-- runScenario -->
        <test-method signature="runScenario(io.cucumber.testng.PickleWrapper,io.cucumber.testng.FeatureWrapper)[pri:0, instance:testRunner.AllureR@202b0582]" started-at="2022-06-21T13:25:42 CDT" name="runScenario" description="Runs Cucumber Scenarios" data-provider="scenarios" finished-at="2022-06-21T13:25:42 CDT" duration-ms="83" status="PASS">
          <params>
            <param index="0">
              <value>
                <![CDATA["Validating the Sign up process with invalid Cases Option1"]]>
              </value>
            </param>
            <param index="1">
              <value>
                <![CDATA["Registration"]]>
              </value>
            </param>
          </params>
          <reporter-output>
          </reporter-output>
        </test-method> <!-- runScenario -->
        <test-method signature="runScenario(io.cucumber.testng.PickleWrapper,io.cucumber.testng.FeatureWrapper)[pri:0, instance:testRunner.AllureR@202b0582]" started-at="2022-06-21T13:25:42 CDT" name="runScenario" description="Runs Cucumber Scenarios" data-provider="scenarios" finished-at="2022-06-21T13:25:42 CDT" duration-ms="51" status="PASS">
          <params>
            <param index="0">
              <value>
                <![CDATA["Validating the Sign up process with invalid Cases Option1"]]>
              </value>
            </param>
            <param index="1">
              <value>
                <![CDATA["Registration"]]>
              </value>
            </param>
          </params>
          <reporter-output>
          </reporter-output>
        </test-method> <!-- runScenario -->
        <test-method signature="runScenario(io.cucumber.testng.PickleWrapper,io.cucumber.testng.FeatureWrapper)[pri:0, instance:testRunner.AllureR@202b0582]" started-at="2022-06-21T13:25:42 CDT" name="runScenario" description="Runs Cucumber Scenarios" data-provider="scenarios" finished-at="2022-06-21T13:25:42 CDT" duration-ms="20" status="PASS">
          <params>
            <param index="0">
              <value>
                <![CDATA["Validating the Sign up process with invalid Cases Option1"]]>
              </value>
            </param>
            <param index="1">
              <value>
                <![CDATA["Registration"]]>
              </value>
            </param>
          </params>
          <reporter-output>
          </reporter-output>
        </test-method> <!-- runScenario -->
        <test-method signature="runScenario(io.cucumber.testng.PickleWrapper,io.cucumber.testng.FeatureWrapper)[pri:0, instance:testRunner.AllureR@202b0582]" started-at="2022-06-21T13:25:42 CDT" name="runScenario" description="Runs Cucumber Scenarios" data-provider="scenarios" finished-at="2022-06-21T13:25:42 CDT" duration-ms="16" status="PASS">
          <params>
            <param index="0">
              <value>
                <![CDATA["Validating the Sign up process with invalid Cases Option1"]]>
              </value>
            </param>
            <param index="1">
              <value>
                <![CDATA["Registration"]]>
              </value>
            </param>
          </params>
          <reporter-output>
          </reporter-output>
        </test-method> <!-- runScenario -->
        <test-method signature="runScenario(io.cucumber.testng.PickleWrapper,io.cucumber.testng.FeatureWrapper)[pri:0, instance:testRunner.AllureR@202b0582]" started-at="2022-06-21T13:25:42 CDT" name="runScenario" description="Runs Cucumber Scenarios" data-provider="scenarios" finished-at="2022-06-21T13:25:42 CDT" duration-ms="19" status="PASS">
          <params>
            <param index="0">
              <value>
                <![CDATA["Validating the Sign up process with invalid Cases Option1"]]>
              </value>
            </param>
            <param index="1">
              <value>
                <![CDATA["Registration"]]>
              </value>
            </param>
          </params>
          <reporter-output>
          </reporter-output>
        </test-method> <!-- runScenario -->
        <test-method signature="runScenario(io.cucumber.testng.PickleWrapper,io.cucumber.testng.FeatureWrapper)[pri:0, instance:testRunner.AllureR@202b0582]" started-at="2022-06-21T13:25:42 CDT" name="runScenario" description="Runs Cucumber Scenarios" data-provider="scenarios" finished-at="2022-06-21T13:25:42 CDT" duration-ms="21" status="PASS">
          <params>
            <param index="0">
              <value>
                <![CDATA["Validating the Sign up process with invalid Cases Option1"]]>
              </value>
            </param>
            <param index="1">
              <value>
                <![CDATA["Registration"]]>
              </value>
            </param>
          </params>
          <reporter-output>
          </reporter-output>
        </test-method> <!-- runScenario -->
        <test-method signature="runScenario(io.cucumber.testng.PickleWrapper,io.cucumber.testng.FeatureWrapper)[pri:0, instance:testRunner.AllureR@202b0582]" started-at="2022-06-21T13:25:42 CDT" name="runScenario" description="Runs Cucumber Scenarios" data-provider="scenarios" finished-at="2022-06-21T13:25:42 CDT" duration-ms="18" status="PASS">
          <params>
            <param index="0">
              <value>
                <![CDATA["Validating the Sign up process with invalid Cases Option1"]]>
              </value>
            </param>
            <param index="1">
              <value>
                <![CDATA["Registration"]]>
              </value>
            </param>
          </params>
          <reporter-output>
          </reporter-output>
        </test-method> <!-- runScenario -->
        <test-method signature="runScenario(io.cucumber.testng.PickleWrapper,io.cucumber.testng.FeatureWrapper)[pri:0, instance:testRunner.AllureR@202b0582]" started-at="2022-06-21T13:25:42 CDT" name="runScenario" description="Runs Cucumber Scenarios" data-provider="scenarios" finished-at="2022-06-21T13:25:42 CDT" duration-ms="21" status="PASS">
          <params>
            <param index="0">
              <value>
                <![CDATA["Validating the Sign up process with invalid Cases Option1"]]>
              </value>
            </param>
            <param index="1">
              <value>
                <![CDATA["Registration"]]>
              </value>
            </param>
          </params>
          <reporter-output>
          </reporter-output>
        </test-method> <!-- runScenario -->
        <test-method signature="runScenario(io.cucumber.testng.PickleWrapper,io.cucumber.testng.FeatureWrapper)[pri:0, instance:testRunner.AllureR@202b0582]" started-at="2022-06-21T13:25:42 CDT" name="runScenario" description="Runs Cucumber Scenarios" data-provider="scenarios" finished-at="2022-06-21T13:25:42 CDT" duration-ms="26" status="PASS">
          <params>
            <param index="0">
              <value>
                <![CDATA["Validating the Sign up process with invalid Cases Option1"]]>
              </value>
            </param>
            <param index="1">
              <value>
                <![CDATA["Registration"]]>
              </value>
            </param>
          </params>
          <reporter-output>
          </reporter-output>
        </test-method> <!-- runScenario -->
        <test-method signature="runScenario(io.cucumber.testng.PickleWrapper,io.cucumber.testng.FeatureWrapper)[pri:0, instance:testRunner.AllureR@202b0582]" started-at="2022-06-21T13:25:42 CDT" name="runScenario" description="Runs Cucumber Scenarios" data-provider="scenarios" finished-at="2022-06-21T13:25:42 CDT" duration-ms="19" status="PASS">
          <params>
            <param index="0">
              <value>
                <![CDATA["Validating the Sign up process with invalid Cases Option1"]]>
              </value>
            </param>
            <param index="1">
              <value>
                <![CDATA["Registration"]]>
              </value>
            </param>
          </params>
          <reporter-output>
          </reporter-output>
        </test-method> <!-- runScenario -->
        <test-method signature="runScenario(io.cucumber.testng.PickleWrapper,io.cucumber.testng.FeatureWrapper)[pri:0, instance:testRunner.AllureR@202b0582]" started-at="2022-06-21T13:25:42 CDT" name="runScenario" description="Runs Cucumber Scenarios" data-provider="scenarios" finished-at="2022-06-21T13:25:42 CDT" duration-ms="16" status="PASS">
          <params>
            <param index="0">
              <value>
                <![CDATA["Validating the Sign up process with invalid Cases Option1"]]>
              </value>
            </param>
            <param index="1">
              <value>
                <![CDATA["Registration"]]>
              </value>
            </param>
          </params>
          <reporter-output>
          </reporter-output>
        </test-method> <!-- runScenario -->
        <test-method signature="runScenario(io.cucumber.testng.PickleWrapper,io.cucumber.testng.FeatureWrapper)[pri:0, instance:testRunner.AllureR@202b0582]" started-at="2022-06-21T13:25:42 CDT" name="runScenario" description="Runs Cucumber Scenarios" data-provider="scenarios" finished-at="2022-06-21T13:25:42 CDT" duration-ms="19" status="PASS">
          <params>
            <param index="0">
              <value>
                <![CDATA["Validating the Sign up process with invalid Cases Option1"]]>
              </value>
            </param>
            <param index="1">
              <value>
                <![CDATA["Registration"]]>
              </value>
            </param>
          </params>
          <reporter-output>
          </reporter-output>
        </test-method> <!-- runScenario -->
        <test-method signature="runScenario(io.cucumber.testng.PickleWrapper,io.cucumber.testng.FeatureWrapper)[pri:0, instance:testRunner.AllureR@202b0582]" started-at="2022-06-21T13:25:42 CDT" name="runScenario" description="Runs Cucumber Scenarios" data-provider="scenarios" finished-at="2022-06-21T13:25:42 CDT" duration-ms="24" status="PASS">
          <params>
            <param index="0">
              <value>
                <![CDATA["Validating the Sign up process with invalid Cases Option1"]]>
              </value>
            </param>
            <param index="1">
              <value>
                <![CDATA["Registration"]]>
              </value>
            </param>
          </params>
          <reporter-output>
          </reporter-output>
        </test-method> <!-- runScenario -->
        <test-method signature="runScenario(io.cucumber.testng.PickleWrapper,io.cucumber.testng.FeatureWrapper)[pri:0, instance:testRunner.AllureR@202b0582]" started-at="2022-06-21T13:25:42 CDT" name="runScenario" description="Runs Cucumber Scenarios" data-provider="scenarios" finished-at="2022-06-21T13:25:42 CDT" duration-ms="21" status="PASS">
          <params>
            <param index="0">
              <value>
                <![CDATA["Validating the Sign up process with invalid Cases Option1"]]>
              </value>
            </param>
            <param index="1">
              <value>
                <![CDATA["Registration"]]>
              </value>
            </param>
          </params>
          <reporter-output>
          </reporter-output>
        </test-method> <!-- runScenario -->
        <test-method signature="runScenario(io.cucumber.testng.PickleWrapper,io.cucumber.testng.FeatureWrapper)[pri:0, instance:testRunner.AllureR@202b0582]" started-at="2022-06-21T13:25:42 CDT" name="runScenario" description="Runs Cucumber Scenarios" data-provider="scenarios" finished-at="2022-06-21T13:25:42 CDT" duration-ms="17" status="PASS">
          <params>
            <param index="0">
              <value>
                <![CDATA["Validating the Sign up process with invalid Cases Option1"]]>
              </value>
            </param>
            <param index="1">
              <value>
                <![CDATA["Registration"]]>
              </value>
            </param>
          </params>
          <reporter-output>
          </reporter-output>
        </test-method> <!-- runScenario -->
        <test-method signature="runScenario(io.cucumber.testng.PickleWrapper,io.cucumber.testng.FeatureWrapper)[pri:0, instance:testRunner.AllureR@202b0582]" started-at="2022-06-21T13:25:42 CDT" name="runScenario" description="Runs Cucumber Scenarios" data-provider="scenarios" finished-at="2022-06-21T13:25:42 CDT" duration-ms="20" status="PASS">
          <params>
            <param index="0">
              <value>
                <![CDATA["Validating the Sign up process with invalid Cases Option1"]]>
              </value>
            </param>
            <param index="1">
              <value>
                <![CDATA["Registration"]]>
              </value>
            </param>
          </params>
          <reporter-output>
          </reporter-output>
        </test-method> <!-- runScenario -->
        <test-method signature="runScenario(io.cucumber.testng.PickleWrapper,io.cucumber.testng.FeatureWrapper)[pri:0, instance:testRunner.AllureR@202b0582]" started-at="2022-06-21T13:25:42 CDT" name="runScenario" description="Runs Cucumber Scenarios" data-provider="scenarios" finished-at="2022-06-21T13:25:42 CDT" duration-ms="18" status="PASS">
          <params>
            <param index="0">
              <value>
                <![CDATA["Validating the Sign up process with invalid Cases Option1"]]>
              </value>
            </param>
            <param index="1">
              <value>
                <![CDATA["Registration"]]>
              </value>
            </param>
          </params>
          <reporter-output>
          </reporter-output>
        </test-method> <!-- runScenario -->
        <test-method signature="runScenario(io.cucumber.testng.PickleWrapper,io.cucumber.testng.FeatureWrapper)[pri:0, instance:testRunner.AllureR@202b0582]" started-at="2022-06-21T13:25:42 CDT" name="runScenario" description="Runs Cucumber Scenarios" data-provider="scenarios" finished-at="2022-06-21T13:25:42 CDT" duration-ms="15" status="PASS">
          <params>
            <param index="0">
              <value>
                <![CDATA["Validating the Sign up process with all valid  input field Option1."]]>
              </value>
            </param>
            <param index="1">
              <value>
                <![CDATA["Registration"]]>
              </value>
            </param>
          </params>
          <reporter-output>
          </reporter-output>
        </test-method> <!-- runScenario -->
        <test-method signature="runScenario(io.cucumber.testng.PickleWrapper,io.cucumber.testng.FeatureWrapper)[pri:0, instance:testRunner.AllureR@202b0582]" started-at="2022-06-21T13:25:42 CDT" name="runScenario" description="Runs Cucumber Scenarios" data-provider="scenarios" finished-at="2022-06-21T13:25:42 CDT" duration-ms="21" status="PASS">
          <params>
            <param index="0">
              <value>
                <![CDATA["Validating the Sign up process with Username exists Option1"]]>
              </value>
            </param>
            <param index="1">
              <value>
                <![CDATA["Registration"]]>
              </value>
            </param>
          </params>
          <reporter-output>
          </reporter-output>
        </test-method> <!-- runScenario -->
        <test-method signature="runScenario(io.cucumber.testng.PickleWrapper,io.cucumber.testng.FeatureWrapper)[pri:0, instance:testRunner.AllureR@202b0582]" started-at="2022-06-21T13:25:42 CDT" name="runScenario" description="Runs Cucumber Scenarios" data-provider="scenarios" finished-at="2022-06-21T13:25:42 CDT" duration-ms="32" status="FAIL">
          <params>
            <param index="0">
              <value>
                <![CDATA["Validating the Sign up process with Email which already exists Option1"]]>
              </value>
            </param>
            <param index="1">
              <value>
                <![CDATA["Registration"]]>
              </value>
            </param>
          </params>
          <exception class="io.cucumber.core.exception.CucumberException">
            <message>
              <![CDATA[Step [User should see a message Email address already exists] is defined with 0 parameters at 'stepDefinition.Register.user_should_see_a_message_email_address_already_exists()'.
However, the gherkin step has 1 arguments:
 * Table:
      | Sheet Name | Test case |
      | Sheet1     | 23        |

Step text: User should see a message Email address already exists]]>
            </message>
            <full-stacktrace>
              <![CDATA[io.cucumber.core.exception.CucumberException: Step [User should see a message Email address already exists] is defined with 0 parameters at 'stepDefinition.Register.user_should_see_a_message_email_address_already_exists()'.
However, the gherkin step has 1 arguments:
 * Table:
      | Sheet Name | Test case |
      | Sheet1     | 23        |

Step text: User should see a message Email address already exists
at io.cucumber.core.runner.PickleStepDefinitionMatch.arityMismatch(PickleStepDefinitionMatch.java:83)
at io.cucumber.core.runner.PickleStepDefinitionMatch.runStep(PickleStepDefinitionMatch.java:42)
at io.cucumber.core.runner.ExecutionMode$1.execute(ExecutionMode.java:10)
at io.cucumber.core.runner.TestStep.executeStep(TestStep.java:85)
at io.cucumber.core.runner.TestStep.run(TestStep.java:57)
at io.cucumber.core.runner.PickleStepTestStep.run(PickleStepTestStep.java:51)
at io.cucumber.core.runner.TestCase.run(TestCase.java:84)
at io.cucumber.core.runner.Runner.runPickle(Runner.java:75)
at io.cucumber.testng.TestNGCucumberRunner.lambda$runScenario$1(TestNGCucumberRunner.java:132)
at io.cucumber.core.runtime.CucumberExecutionContext.lambda$runTestCase$5(CucumberExecutionContext.java:129)
at io.cucumber.core.runtime.RethrowingThrowableCollector.executeAndThrow(RethrowingThrowableCollector.java:23)
at io.cucumber.core.runtime.CucumberExecutionContext.runTestCase(CucumberExecutionContext.java:129)
at io.cucumber.testng.TestNGCucumberRunner.runScenario(TestNGCucumberRunner.java:129)
at io.cucumber.testng.AbstractTestNGCucumberTests.runScenario(AbstractTestNGCucumberTests.java:35)
at jdk.internal.reflect.GeneratedMethodAccessor44.invoke(Unknown Source)
at java.base/jdk.internal.reflect.DelegatingMethodAccessorImpl.invoke(DelegatingMethodAccessorImpl.java:43)
at java.base/java.lang.reflect.Method.invoke(Method.java:564)
at org.testng.internal.invokers.MethodInvocationHelper.invokeMethod(MethodInvocationHelper.java:135)
at org.testng.internal.invokers.TestInvoker.invokeMethod(TestInvoker.java:673)
at org.testng.internal.invokers.TestInvoker.invokeTestMethod(TestInvoker.java:220)
at org.testng.internal.invokers.MethodRunner.runInSequence(MethodRunner.java:50)
at org.testng.internal.invokers.TestInvoker$MethodInvocationAgent.invoke(TestInvoker.java:945)
at org.testng.internal.invokers.TestInvoker.invokeTestMethods(TestInvoker.java:193)
at org.testng.internal.invokers.TestMethodWorker.invokeTestMethods(TestMethodWorker.java:146)
at org.testng.internal.invokers.TestMethodWorker.run(TestMethodWorker.java:128)
at java.base/java.util.ArrayList.forEach(ArrayList.java:1511)
at org.testng.TestRunner.privateRun(TestRunner.java:808)
at org.testng.TestRunner.run(TestRunner.java:603)
at org.testng.SuiteRunner.runTest(SuiteRunner.java:429)
at org.testng.SuiteRunner.runSequentially(SuiteRunner.java:423)
at org.testng.SuiteRunner.privateRun(SuiteRunner.java:383)
at org.testng.SuiteRunner.run(SuiteRunner.java:326)
at org.testng.SuiteRunnerWorker.runSuite(SuiteRunnerWorker.java:52)
at org.testng.SuiteRunnerWorker.run(SuiteRunnerWorker.java:95)
at org.testng.TestNG.runSuitesSequentially(TestNG.java:1249)
at org.testng.TestNG.runSuitesLocally(TestNG.java:1169)
at org.testng.TestNG.runSuites(TestNG.java:1092)
at org.testng.TestNG.run(TestNG.java:1060)
at org.testng.remote.AbstractRemoteTestNG.run(AbstractRemoteTestNG.java:115)
at org.testng.remote.RemoteTestNG.initAndRun(RemoteTestNG.java:251)
at org.testng.remote.RemoteTestNG.main(RemoteTestNG.java:77)
]]>
            </full-stacktrace>
          </exception> <!-- io.cucumber.core.exception.CucumberException -->
          <reporter-output>
          </reporter-output>
        </test-method> <!-- runScenario -->
        <test-method signature="runScenario(io.cucumber.testng.PickleWrapper,io.cucumber.testng.FeatureWrapper)[pri:0, instance:testRunner.AllureR@202b0582]" started-at="2022-06-21T13:25:42 CDT" name="runScenario" description="Runs Cucumber Scenarios" data-provider="scenarios" finished-at="2022-06-21T13:25:42 CDT" duration-ms="16" status="PASS">
          <params>
            <param index="0">
              <value>
                <![CDATA["Validating the Sign up process with invalid Cases for first and last name Option2"]]>
              </value>
            </param>
            <param index="1">
              <value>
                <![CDATA["Registration"]]>
              </value>
            </param>
          </params>
          <reporter-output>
          </reporter-output>
        </test-method> <!-- runScenario -->
        <test-method signature="runScenario(io.cucumber.testng.PickleWrapper,io.cucumber.testng.FeatureWrapper)[pri:0, instance:testRunner.AllureR@202b0582]" started-at="2022-06-21T13:25:42 CDT" name="runScenario" description="Runs Cucumber Scenarios" data-provider="scenarios" finished-at="2022-06-21T13:25:42 CDT" duration-ms="16" status="PASS">
          <params>
            <param index="0">
              <value>
                <![CDATA["Validating the Sign up process with invalid Cases for first and last name Option2"]]>
              </value>
            </param>
            <param index="1">
              <value>
                <![CDATA["Registration"]]>
              </value>
            </param>
          </params>
          <reporter-output>
          </reporter-output>
        </test-method> <!-- runScenario -->
        <test-method signature="runScenario(io.cucumber.testng.PickleWrapper,io.cucumber.testng.FeatureWrapper)[pri:0, instance:testRunner.AllureR@202b0582]" started-at="2022-06-21T13:25:42 CDT" name="runScenario" description="Runs Cucumber Scenarios" data-provider="scenarios" finished-at="2022-06-21T13:25:42 CDT" duration-ms="15" status="PASS">
          <params>
            <param index="0">
              <value>
                <![CDATA["Validating the Sign up process with invalid Mobile number Option2"]]>
              </value>
            </param>
            <param index="1">
              <value>
                <![CDATA["Registration"]]>
              </value>
            </param>
          </params>
          <reporter-output>
          </reporter-output>
        </test-method> <!-- runScenario -->
        <test-method signature="runScenario(io.cucumber.testng.PickleWrapper,io.cucumber.testng.FeatureWrapper)[pri:0, instance:testRunner.AllureR@202b0582]" started-at="2022-06-21T13:25:42 CDT" name="runScenario" description="Runs Cucumber Scenarios" data-provider="scenarios" finished-at="2022-06-21T13:25:42 CDT" duration-ms="16" status="PASS">
          <params>
            <param index="0">
              <value>
                <![CDATA["Validating the Sign up process with invalid Mobile number Option2"]]>
              </value>
            </param>
            <param index="1">
              <value>
                <![CDATA["Registration"]]>
              </value>
            </param>
          </params>
          <reporter-output>
          </reporter-output>
        </test-method> <!-- runScenario -->
        <test-method signature="runScenario(io.cucumber.testng.PickleWrapper,io.cucumber.testng.FeatureWrapper)[pri:0, instance:testRunner.AllureR@202b0582]" started-at="2022-06-21T13:25:42 CDT" name="runScenario" description="Runs Cucumber Scenarios" data-provider="scenarios" finished-at="2022-06-21T13:25:42 CDT" duration-ms="17" status="PASS">
          <params>
            <param index="0">
              <value>
[...]
          <params>
            <param index="0">
              <value>
                <![CDATA["View patients previous test reports"]]>
              </value>
            </param>
            <param index="1">
              <value>
                <![CDATA["Verifying My Patient page features"]]>
              </value>
            </param>
          </params>
          <reporter-output>
          </reporter-output>
        </test-method> <!-- runScenario -->
        <test-method signature="runScenario(io.cucumber.testng.PickleWrapper,io.cucumber.testng.FeatureWrapper)[pri:0, instance:testRunner.AllureR@202b0582]" started-at="2022-06-21T13:25:44 CDT" name="runScenario" description="Runs Cucumber Scenarios" data-provider="scenarios" finished-at="2022-06-21T13:25:44 CDT" duration-ms="18" status="PASS">
          <params>
            <param index="0">
              <value>
                <![CDATA["Verify test report deatails"]]>
              </value>
            </param>
            <param index="1">
              <value>
                <![CDATA["Test report data"]]>
              </value>
            </param>
          </params>
          <reporter-output>
          </reporter-output>
        </test-method> <!-- runScenario -->
        <test-method signature="runScenario(io.cucumber.testng.PickleWrapper,io.cucumber.testng.FeatureWrapper)[pri:0, instance:testRunner.AllureR@202b0582]" started-at="2022-06-21T13:25:44 CDT" name="runScenario" description="Runs Cucumber Scenarios" data-provider="scenarios" finished-at="2022-06-21T13:25:44 CDT" duration-ms="17" status="PASS">
          <params>
            <param index="0">
              <value>
                <![CDATA["Verify pagination"]]>
              </value>
            </param>
            <param index="1">
              <value>
                <![CDATA["Test report data"]]>
              </value>
            </param>
          </params>
          <reporter-output>
          </reporter-output>
        </test-method> <!-- runScenario -->
        <test-method signature="runScenario(io.cucumber.testng.PickleWrapper,io.cucumber.testng.FeatureWrapper)[pri:0, instance:testRunner.AllureR@202b0582]" started-at="2022-06-21T13:25:44 CDT" name="runScenario" description="Runs Cucumber Scenarios" data-provider="scenarios" finished-at="2022-06-21T13:25:44 CDT" duration-ms="13" status="PASS">
          <params>
            <param index="0">
              <value>
                <![CDATA["Verify pagination"]]>
              </value>
            </param>
            <param index="1">
              <value>
                <![CDATA["Test report data"]]>
              </value>
            </param>
          </params>
          <reporter-output>
          </reporter-output>
        </test-method> <!-- runScenario -->
        <test-method signature="runScenario(io.cucumber.testng.PickleWrapper,io.cucumber.testng.FeatureWrapper)[pri:0, instance:testRunner.AllureR@202b0582]" started-at="2022-06-21T13:25:44 CDT" name="runScenario" description="Runs Cucumber Scenarios" data-provider="scenarios" finished-at="2022-06-21T13:25:44 CDT" duration-ms="13" status="PASS">
          <params>
            <param index="0">
              <value>
                <![CDATA["Verify content of PDF file"]]>
              </value>
            </param>
            <param index="1">
              <value>
                <![CDATA["Test report data"]]>
              </value>
            </param>
          </params>
          <reporter-output>
          </reporter-output>
        </test-method> <!-- runScenario -->
        <test-method signature="runScenario(io.cucumber.testng.PickleWrapper,io.cucumber.testng.FeatureWrapper)[pri:0, instance:testRunner.AllureR@202b0582]" started-at="2022-06-21T13:25:44 CDT" name="runScenario" description="Runs Cucumber Scenarios" data-provider="scenarios" finished-at="2022-06-21T13:25:44 CDT" duration-ms="21" status="PASS">
          <params>
            <param index="0">
              <value>
                <![CDATA["Verify deatails of PDF file"]]>
              </value>
            </param>
            <param index="1">
              <value>
                <![CDATA["Test report data"]]>
              </value>
            </param>
          </params>
          <reporter-output>
          </reporter-output>
        </test-method> <!-- runScenario -->
        <test-method signature="runScenario(io.cucumber.testng.PickleWrapper,io.cucumber.testng.FeatureWrapper)[pri:0, instance:testRunner.AllureR@202b0582]" started-at="2022-06-21T13:25:44 CDT" name="runScenario" description="Runs Cucumber Scenarios" data-provider="scenarios" finished-at="2022-06-21T13:25:44 CDT" duration-ms="19" status="PASS">
          <params>
            <param index="0">
              <value>
                <![CDATA["Verify default text in name, email and phone filter input box disappears after started typing in it"]]>
              </value>
            </param>
            <param index="1">
              <value>
                <![CDATA["Search Patients detail"]]>
              </value>
            </param>
          </params>
          <reporter-output>
          </reporter-output>
        </test-method> <!-- runScenario -->
        <test-method signature="runScenario(io.cucumber.testng.PickleWrapper,io.cucumber.testng.FeatureWrapper)[pri:0, instance:testRunner.AllureR@202b0582]" started-at="2022-06-21T13:25:44 CDT" name="runScenario" description="Runs Cucumber Scenarios" data-provider="scenarios" finished-at="2022-06-21T13:25:44 CDT" duration-ms="17" status="PASS">
          <params>
            <param index="0">
              <value>
                <![CDATA["Search patients by name filter"]]>
              </value>
            </param>
            <param index="1">
              <value>
                <![CDATA["Search Patients detail"]]>
              </value>
            </param>
          </params>
          <reporter-output>
          </reporter-output>
        </test-method> <!-- runScenario -->
        <test-method signature="runScenario(io.cucumber.testng.PickleWrapper,io.cucumber.testng.FeatureWrapper)[pri:0, instance:testRunner.AllureR@202b0582]" started-at="2022-06-21T13:25:44 CDT" name="runScenario" description="Runs Cucumber Scenarios" data-provider="scenarios" finished-at="2022-06-21T13:25:44 CDT" duration-ms="15" status="PASS">
          <params>
            <param index="0">
              <value>
                <![CDATA["Search patients by email filter"]]>
              </value>
            </param>
            <param index="1">
              <value>
                <![CDATA["Search Patients detail"]]>
              </value>
            </param>
          </params>
          <reporter-output>
          </reporter-output>
        </test-method> <!-- runScenario -->
        <test-method signature="runScenario(io.cucumber.testng.PickleWrapper,io.cucumber.testng.FeatureWrapper)[pri:0, instance:testRunner.AllureR@202b0582]" started-at="2022-06-21T13:25:44 CDT" name="runScenario" description="Runs Cucumber Scenarios" data-provider="scenarios" finished-at="2022-06-21T13:25:44 CDT" duration-ms="16" status="PASS">
          <params>
            <param index="0">
              <value>
                <![CDATA["Search patients by phone number filter"]]>
              </value>
            </param>
            <param index="1">
              <value>
                <![CDATA["Search Patients detail"]]>
              </value>
            </param>
          </params>
          <reporter-output>
          </reporter-output>
        </test-method> <!-- runScenario -->
        <test-method signature="runScenario(io.cucumber.testng.PickleWrapper,io.cucumber.testng.FeatureWrapper)[pri:0, instance:testRunner.AllureR@202b0582]" started-at="2022-06-21T13:25:44 CDT" name="runScenario" description="Runs Cucumber Scenarios" data-provider="scenarios" finished-at="2022-06-21T13:25:44 CDT" duration-ms="18" status="PASS">
          <params>
            <param index="0">
              <value>
                <![CDATA["Display error messages for invalid phone number in phone filter"]]>
              </value>
            </param>
            <param index="1">
              <value>
                <![CDATA["Search Patients detail"]]>
              </value>
            </param>
          </params>
          <reporter-output>
          </reporter-output>
        </test-method> <!-- runScenario -->
        <test-method signature="runScenario(io.cucumber.testng.PickleWrapper,io.cucumber.testng.FeatureWrapper)[pri:0, instance:testRunner.AllureR@202b0582]" started-at="2022-06-21T13:25:44 CDT" name="runScenario" description="Runs Cucumber Scenarios" data-provider="scenarios" finished-at="2022-06-21T13:25:44 CDT" duration-ms="16" status="PASS">
          <params>
            <param index="0">
              <value>
                <![CDATA["Display error messages for invalid email in email filter"]]>
              </value>
            </param>
            <param index="1">
              <value>
                <![CDATA["Search Patients detail"]]>
              </value>
            </param>
          </params>
          <reporter-output>
          </reporter-output>
        </test-method> <!-- runScenario -->
        <test-method signature="runScenario(io.cucumber.testng.PickleWrapper,io.cucumber.testng.FeatureWrapper)[pri:0, instance:testRunner.AllureR@202b0582]" started-at="2022-06-21T13:25:44 CDT" name="runScenario" description="Runs Cucumber Scenarios" data-provider="scenarios" finished-at="2022-06-21T13:25:44 CDT" duration-ms="16" status="PASS">
          <params>
            <param index="0">
              <value>
                <![CDATA["Display error messages for invalid character in name  filter"]]>
              </value>
            </param>
            <param index="1">
              <value>
                <![CDATA["Search Patients detail"]]>
              </value>
            </param>
          </params>
          <reporter-output>
          </reporter-output>
        </test-method> <!-- runScenario -->
        <test-method signature="runScenario(io.cucumber.testng.PickleWrapper,io.cucumber.testng.FeatureWrapper)[pri:0, instance:testRunner.AllureR@202b0582]" started-at="2022-06-21T13:25:44 CDT" name="runScenario" description="Runs Cucumber Scenarios" data-provider="scenarios" finished-at="2022-06-21T13:25:44 CDT" duration-ms="17" status="PASS">
          <params>
            <param index="0">
              <value>
                <![CDATA["Display Display list of patients for clicking search button"]]>
              </value>
            </param>
            <param index="1">
              <value>
                <![CDATA["Search Patients detail"]]>
              </value>
            </param>
          </params>
          <reporter-output>
          </reporter-output>
        </test-method> <!-- runScenario -->
        <test-method signature="runScenario(io.cucumber.testng.PickleWrapper,io.cucumber.testng.FeatureWrapper)[pri:0, instance:testRunner.AllureR@202b0582]" started-at="2022-06-21T13:25:44 CDT" name="runScenario" description="Runs Cucumber Scenarios" data-provider="scenarios" finished-at="2022-06-21T13:25:44 CDT" duration-ms="14" status="PASS">
          <params>
            <param index="0">
              <value>
                <![CDATA["Display list of patients details for clicking search button"]]>
              </value>
            </param>
            <param index="1">
              <value>
                <![CDATA["Search Patients detail"]]>
              </value>
            </param>
          </params>
          <reporter-output>
          </reporter-output>
        </test-method> <!-- runScenario -->
        <test-method signature="runScenario(io.cucumber.testng.PickleWrapper,io.cucumber.testng.FeatureWrapper)[pri:0, instance:testRunner.AllureR@202b0582]" started-at="2022-06-21T13:25:44 CDT" name="runScenario" description="Runs Cucumber Scenarios" data-provider="scenarios" finished-at="2022-06-21T13:25:44 CDT" duration-ms="21" status="PASS">
          <params>
            <param index="0">
              <value>
                <![CDATA["Test the navigation of View Recent Diets page"]]>
              </value>
            </param>
            <param index="1">
              <value>
                <![CDATA["View Recent Diets page functionality"]]>
              </value>
            </param>
          </params>
          <reporter-output>
          </reporter-output>
        </test-method> <!-- runScenario -->
        <test-method signature="runScenario(io.cucumber.testng.PickleWrapper,io.cucumber.testng.FeatureWrapper)[pri:0, instance:testRunner.AllureR@202b0582]" started-at="2022-06-21T13:25:44 CDT" name="runScenario" description="Runs Cucumber Scenarios" data-provider="scenarios" finished-at="2022-06-21T13:25:44 CDT" duration-ms="12" status="PASS">
          <params>
            <param index="0">
              <value>
                <![CDATA["Test the navigation of View recent diets page from Dietician homepage"]]>
              </value>
            </param>
            <param index="1">
              <value>
                <![CDATA["View Recent Diets page functionality"]]>
              </value>
            </param>
          </params>
          <reporter-output>
          </reporter-output>
        </test-method> <!-- runScenario -->
        <test-method signature="runScenario(io.cucumber.testng.PickleWrapper,io.cucumber.testng.FeatureWrapper)[pri:0, instance:testRunner.AllureR@202b0582]" started-at="2022-06-21T13:25:44 CDT" name="runScenario" description="Runs Cucumber Scenarios" data-provider="scenarios" finished-at="2022-06-21T13:25:44 CDT" duration-ms="15" status="PASS">
          <params>
            <param index="0">
              <value>
                <![CDATA["Test the visibility of heading and records in View Recent Diets page"]]>
              </value>
            </param>
            <param index="1">
              <value>
                <![CDATA["View Recent Diets page functionality"]]>
              </value>
            </param>
          </params>
          <reporter-output>
          </reporter-output>
        </test-method> <!-- runScenario -->
        <test-method signature="runScenario(io.cucumber.testng.PickleWrapper,io.cucumber.testng.FeatureWrapper)[pri:0, instance:testRunner.AllureR@202b0582]" started-at="2022-06-21T13:25:44 CDT" name="runScenario" description="Runs Cucumber Scenarios" data-provider="scenarios" finished-at="2022-06-21T13:25:44 CDT" duration-ms="15" status="PASS">
          <params>
            <param index="0">
              <value>
                <![CDATA["Test the working of next page and previous page buttons when more than one page is displayed"]]>
              </value>
            </param>
            <param index="1">
              <value>
                <![CDATA["View Recent Diets page functionality"]]>
              </value>
            </param>
          </params>
          <reporter-output>
          </reporter-output>
        </test-method> <!-- runScenario -->
        <test-method signature="runScenario(io.cucumber.testng.PickleWrapper,io.cucumber.testng.FeatureWrapper)[pri:0, instance:testRunner.AllureR@202b0582]" started-at="2022-06-21T13:25:44 CDT" name="runScenario" description="Runs Cucumber Scenarios" data-provider="scenarios" finished-at="2022-06-21T13:25:44 CDT" duration-ms="17" status="PASS">
          <params>
            <param index="0">
              <value>
                <![CDATA["Test the working of previous and next page buttons when one page is displayed"]]>
              </value>
            </param>
            <param index="1">
              <value>
                <![CDATA["View Recent Diets page functionality"]]>
              </value>
            </param>
          </params>
          <reporter-output>
          </reporter-output>
        </test-method> <!-- runScenario -->
        <test-method signature="runScenario(io.cucumber.testng.PickleWrapper,io.cucumber.testng.FeatureWrapper)[pri:0, instance:testRunner.AllureR@202b0582]" started-at="2022-06-21T13:25:44 CDT" name="runScenario" description="Runs Cucumber Scenarios" data-provider="scenarios" finished-at="2022-06-21T13:25:44 CDT" duration-ms="32" status="PASS">
          <params>
            <param index="0">
              <value>
                <![CDATA["Test the working of next page and previous page buttons when the user is on last page"]]>
              </value>
            </param>
            <param index="1">
              <value>
                <![CDATA["View Recent Diets page functionality"]]>
              </value>
            </param>
          </params>
          <reporter-output>
          </reporter-output>
        </test-method> <!-- runScenario -->
        <test-method signature="runScenario(io.cucumber.testng.PickleWrapper,io.cucumber.testng.FeatureWrapper)[pri:0, instance:testRunner.AllureR@202b0582]" started-at="2022-06-21T13:25:44 CDT" name="runScenario" description="Runs Cucumber Scenarios" data-provider="scenarios" finished-at="2022-06-21T13:25:44 CDT" duration-ms="22" status="PASS">
          <params>
            <param index="0">
              <value>
                <![CDATA["Test if the user is able to traverse front and back using next and previous page buttons"]]>
              </value>
            </param>
            <param index="1">
              <value>
                <![CDATA["View Recent Diets page functionality"]]>
              </value>
            </param>
          </params>
          <reporter-output>
          </reporter-output>
        </test-method> <!-- runScenario -->
        <test-method signature="runScenario(io.cucumber.testng.PickleWrapper,io.cucumber.testng.FeatureWrapper)[pri:0, instance:testRunner.AllureR@202b0582]" started-at="2022-06-21T13:25:44 CDT" name="runScenario" description="Runs Cucumber Scenarios" data-provider="scenarios" finished-at="2022-06-21T13:25:44 CDT" duration-ms="20" status="PASS">
          <params>
            <param index="0">
              <value>
                <![CDATA["Test if the user is able to click on view pdf"]]>
              </value>
            </param>
            <param index="1">
              <value>
                <![CDATA["View Recent Diets page functionality"]]>
              </value>
            </param>
          </params>
          <reporter-output>
          </reporter-output>
        </test-method> <!-- runScenario -->
        <test-method signature="runScenario(io.cucumber.testng.PickleWrapper,io.cucumber.testng.FeatureWrapper)[pri:0, instance:testRunner.AllureR@202b0582]" started-at="2022-06-21T13:25:44 CDT" name="runScenario" description="Runs Cucumber Scenarios" data-provider="scenarios" finished-at="2022-06-21T13:25:44 CDT" duration-ms="21" status="PASS">
          <params>
            <param index="0">
              <value>
                <![CDATA["Test if the user is able to download the pdf"]]>
              </value>
            </param>
            <param index="1">
              <value>
                <![CDATA["View Recent Diets page functionality"]]>
              </value>
            </param>
          </params>
          <reporter-output>
          </reporter-output>
        </test-method> <!-- runScenario -->
        <test-method is-config="true" signature="tearDownClass()[pri:0, instance:testRunner.AllureR@202b0582]" started-at="2022-06-21T13:25:44 CDT" name="tearDownClass" finished-at="2022-06-21T13:25:44 CDT" duration-ms="7" status="PASS">
          <reporter-output>
          </reporter-output>
        </test-method> <!-- tearDownClass -->
      </class> <!-- testRunner.AllureR -->
    </test> <!-- Default test -->
  </suite> <!-- Default suite -->
</testng-results>
